<?xml version="1.0" encoding="UTF-8"?>
<!-- Generated by org.testng.reporters.JUnitReportReporter -->
<testsuite skipped="0" hostname="RAJASEKAR" name="com.tyss_practice.contactTest.CreateContactWithOrgNametTest" tests="1" failures="0" timestamp="04 Aug 2020 09:43:36 GMT" time="25.409" errors="0">
  <testcase name="createContactWithOrgtest" time="25.409" classname="com.tyss_practice.contactTest.CreateContactWithOrgNametTest"/>
</testsuite> <!-- com.tyss_practice.contactTest.CreateContactWithOrgNametTest -->
