<?xml version="1.0" encoding="UTF-8"?>
<!-- Generated by org.testng.reporters.JUnitReportReporter -->
<testsuite skipped="0" hostname="RAJASEKAR" name="com.tyss_practice.contactTest.DeleteContactTest" tests="1" failures="0" timestamp="04 Aug 2020 10:21:22 GMT" time="33.050" errors="0">
  <testcase name="deleteContactWithOrganization" time="33.050" classname="com.tyss_practice.contactTest.DeleteContactTest"/>
</testsuite> <!-- com.tyss_practice.contactTest.DeleteContactTest -->
